bash build.sh
+ SPEC=dsync.spec
++ rpmspec -q --qf '%{name}' dsync.spec
warning: line 5: Possible unexpanded macro in: Release: %{REV}.fc42
warning: line 5: Possible unexpanded macro in: Release: %{REV}.fc42
+ NAME=dsync
++ rpmspec -q --qf '%{version}' dsync.spec
warning: line 5: Possible unexpanded macro in: Release: %{REV}.fc42
warning: line 5: Possible unexpanded macro in: Release: %{REV}.fc42
+ VERSION=0.1
++ git rev-parse --short HEAD
+ REV=b11d216
+ mkdir -p /home/vraiti/rpmbuild/BUILD /home/vraiti/rpmbuild/RPMS /home/vraiti/rpmbuild/SOURCES /home/vraiti/rpmbuild/SPECS /home/vraiti/rpmbuild/SRPMS
+ cp src/dsync src/dsync-hourly.service src/dsync-hourly.timer src/dsync.service /home/vraiti/rpmbuild/SOURCES
+ git archive --format=tar.gz --prefix=dsync-0.1/ -o /home/vraiti/rpmbuild/SOURCES/dsync-0.1.tar.gz HEAD
+ cp dsync.spec /home/vraiti/rpmbuild/SPECS/
+ rpmbuild -ba --define 'REV b11d216' dsync.spec
Building target platforms: noarch
Building for target noarch
setting SOURCE_DATE_EPOCH=1756252800
Executing(%mkbuilddir): /bin/sh -e /var/tmp/rpm-tmp.EoSv1A
Executing(%prep): /bin/sh -e /var/tmp/rpm-tmp.Ydb79F
+ umask 022
+ cd /home/vraiti/rpmbuild/BUILD/dsync-0.1-build
+ cd /home/vraiti/rpmbuild/BUILD/dsync-0.1-build
+ rm -rf dsync-0.1
+ /usr/lib/rpm/rpmuncompress -x /home/vraiti/rpmbuild/SOURCES/dsync-0.1.tar.gz
+ STATUS=0
+ '[' 0 -ne 0 ']'
+ cd dsync-0.1
+ /usr/bin/chmod -Rf a+rX,u+w,g-w,o-w .
+ RPM_EC=0
++ jobs -p
+ exit 0
Executing(%build): /bin/sh -e /var/tmp/rpm-tmp.0L8m9j
+ umask 022
+ cd /home/vraiti/rpmbuild/BUILD/dsync-0.1-build
+ CFLAGS='-O2 -flto=auto -ffat-lto-objects -fexceptions -g -grecord-gcc-switches -pipe -Wall -Werror=format-security -Wp,-U_FORTIFY_SOURCE,-D_FORTIFY_SOURCE=3 -Wp,-D_GLIBCXX_ASSERTIONS -specs=/usr/lib/rpm/redhat/redhat-hardened-cc1 -fstack-protector-strong -specs=/usr/lib/rpm/redhat/redhat-annobin-cc1  -m64 -march=x86-64 -mtune=generic -fasynchronous-unwind-tables -fstack-clash-protection -fcf-protection -mtls-dialect=gnu2 -fno-omit-frame-pointer -mno-omit-leaf-frame-pointer '
+ export CFLAGS
+ CXXFLAGS='-O2 -flto=auto -ffat-lto-objects -fexceptions -g -grecord-gcc-switches -pipe -Wall -Werror=format-security -Wp,-U_FORTIFY_SOURCE,-D_FORTIFY_SOURCE=3 -Wp,-D_GLIBCXX_ASSERTIONS -specs=/usr/lib/rpm/redhat/redhat-hardened-cc1 -fstack-protector-strong -specs=/usr/lib/rpm/redhat/redhat-annobin-cc1  -m64 -march=x86-64 -mtune=generic -fasynchronous-unwind-tables -fstack-clash-protection -fcf-protection -mtls-dialect=gnu2 -fno-omit-frame-pointer -mno-omit-leaf-frame-pointer '
+ export CXXFLAGS
+ FFLAGS='-O2 -flto=auto -ffat-lto-objects -fexceptions -g -grecord-gcc-switches -pipe -Wall -Wp,-U_FORTIFY_SOURCE,-D_FORTIFY_SOURCE=3 -Wp,-D_GLIBCXX_ASSERTIONS -specs=/usr/lib/rpm/redhat/redhat-hardened-cc1 -fstack-protector-strong -specs=/usr/lib/rpm/redhat/redhat-annobin-cc1  -m64 -march=x86-64 -mtune=generic -fasynchronous-unwind-tables -fstack-clash-protection -fcf-protection -mtls-dialect=gnu2 -fno-omit-frame-pointer -mno-omit-leaf-frame-pointer -I/usr/lib/gfortran/modules '
+ export FFLAGS
+ FCFLAGS='-O2 -flto=auto -ffat-lto-objects -fexceptions -g -grecord-gcc-switches -pipe -Wall -Wp,-U_FORTIFY_SOURCE,-D_FORTIFY_SOURCE=3 -Wp,-D_GLIBCXX_ASSERTIONS -specs=/usr/lib/rpm/redhat/redhat-hardened-cc1 -fstack-protector-strong -specs=/usr/lib/rpm/redhat/redhat-annobin-cc1  -m64 -march=x86-64 -mtune=generic -fasynchronous-unwind-tables -fstack-clash-protection -fcf-protection -mtls-dialect=gnu2 -fno-omit-frame-pointer -mno-omit-leaf-frame-pointer -I/usr/lib/gfortran/modules '
+ export FCFLAGS
+ VALAFLAGS=-g
+ export VALAFLAGS
+ RUSTFLAGS='-Copt-level=3 -Cdebuginfo=2 -Ccodegen-units=1 -Cstrip=none -Cforce-frame-pointers=yes --cap-lints=warn'
+ export RUSTFLAGS
+ LDFLAGS='-Wl,-z,relro -Wl,--as-needed   -Wl,-z,now -specs=/usr/lib/rpm/redhat/redhat-hardened-ld -specs=/usr/lib/rpm/redhat/redhat-annobin-cc1  -Wl,--build-id=sha1  '
+ export LDFLAGS
+ LT_SYS_LIBRARY_PATH=/usr/lib:
+ export LT_SYS_LIBRARY_PATH
+ CC=gcc
+ export CC
+ CXX=g++
+ export CXX
+ cd dsync-0.1
+ RPM_EC=0
++ jobs -p
+ exit 0
Executing(%install): /bin/sh -e /var/tmp/rpm-tmp.jFq1Eg
+ umask 022
+ cd /home/vraiti/rpmbuild/BUILD/dsync-0.1-build
+ '[' /home/vraiti/rpmbuild/BUILD/dsync-0.1-build/BUILDROOT '!=' / ']'
+ rm -rf /home/vraiti/rpmbuild/BUILD/dsync-0.1-build/BUILDROOT
++ dirname /home/vraiti/rpmbuild/BUILD/dsync-0.1-build/BUILDROOT
+ mkdir -p /home/vraiti/rpmbuild/BUILD/dsync-0.1-build
+ mkdir /home/vraiti/rpmbuild/BUILD/dsync-0.1-build/BUILDROOT
+ CFLAGS='-O2 -flto=auto -ffat-lto-objects -fexceptions -g -grecord-gcc-switches -pipe -Wall -Werror=format-security -Wp,-U_FORTIFY_SOURCE,-D_FORTIFY_SOURCE=3 -Wp,-D_GLIBCXX_ASSERTIONS -specs=/usr/lib/rpm/redhat/redhat-hardened-cc1 -fstack-protector-strong -specs=/usr/lib/rpm/redhat/redhat-annobin-cc1  -m64 -march=x86-64 -mtune=generic -fasynchronous-unwind-tables -fstack-clash-protection -fcf-protection -mtls-dialect=gnu2 -fno-omit-frame-pointer -mno-omit-leaf-frame-pointer '
+ export CFLAGS
+ CXXFLAGS='-O2 -flto=auto -ffat-lto-objects -fexceptions -g -grecord-gcc-switches -pipe -Wall -Werror=format-security -Wp,-U_FORTIFY_SOURCE,-D_FORTIFY_SOURCE=3 -Wp,-D_GLIBCXX_ASSERTIONS -specs=/usr/lib/rpm/redhat/redhat-hardened-cc1 -fstack-protector-strong -specs=/usr/lib/rpm/redhat/redhat-annobin-cc1  -m64 -march=x86-64 -mtune=generic -fasynchronous-unwind-tables -fstack-clash-protection -fcf-protection -mtls-dialect=gnu2 -fno-omit-frame-pointer -mno-omit-leaf-frame-pointer '
+ export CXXFLAGS
+ FFLAGS='-O2 -flto=auto -ffat-lto-objects -fexceptions -g -grecord-gcc-switches -pipe -Wall -Wp,-U_FORTIFY_SOURCE,-D_FORTIFY_SOURCE=3 -Wp,-D_GLIBCXX_ASSERTIONS -specs=/usr/lib/rpm/redhat/redhat-hardened-cc1 -fstack-protector-strong -specs=/usr/lib/rpm/redhat/redhat-annobin-cc1  -m64 -march=x86-64 -mtune=generic -fasynchronous-unwind-tables -fstack-clash-protection -fcf-protection -mtls-dialect=gnu2 -fno-omit-frame-pointer -mno-omit-leaf-frame-pointer -I/usr/lib/gfortran/modules '
+ export FFLAGS
+ FCFLAGS='-O2 -flto=auto -ffat-lto-objects -fexceptions -g -grecord-gcc-switches -pipe -Wall -Wp,-U_FORTIFY_SOURCE,-D_FORTIFY_SOURCE=3 -Wp,-D_GLIBCXX_ASSERTIONS -specs=/usr/lib/rpm/redhat/redhat-hardened-cc1 -fstack-protector-strong -specs=/usr/lib/rpm/redhat/redhat-annobin-cc1  -m64 -march=x86-64 -mtune=generic -fasynchronous-unwind-tables -fstack-clash-protection -fcf-protection -mtls-dialect=gnu2 -fno-omit-frame-pointer -mno-omit-leaf-frame-pointer -I/usr/lib/gfortran/modules '
+ export FCFLAGS
+ VALAFLAGS=-g
+ export VALAFLAGS
+ RUSTFLAGS='-Copt-level=3 -Cdebuginfo=2 -Ccodegen-units=1 -Cstrip=none -Cforce-frame-pointers=yes --cap-lints=warn'
+ export RUSTFLAGS
+ LDFLAGS='-Wl,-z,relro -Wl,--as-needed   -Wl,-z,now -specs=/usr/lib/rpm/redhat/redhat-hardened-ld -specs=/usr/lib/rpm/redhat/redhat-annobin-cc1  -Wl,--build-id=sha1  '
+ export LDFLAGS
+ LT_SYS_LIBRARY_PATH=/usr/lib:
+ export LT_SYS_LIBRARY_PATH
+ CC=gcc
+ export CC
+ CXX=g++
+ export CXX
+ cd dsync-0.1
+ install -d -m 755 /home/vraiti/rpmbuild/BUILD/dsync-0.1-build/BUILDROOT/usr/local/bin
+ install -d -m 755 /home/vraiti/rpmbuild/BUILD/dsync-0.1-build/BUILDROOT/usr/lib/systemd/system
+ install -m 644 /home/vraiti/rpmbuild/SOURCES/dsync.service /home/vraiti/rpmbuild/BUILD/dsync-0.1-build/BUILDROOT/usr/lib/systemd/system/dsync.service
+ install -m 644 /home/vraiti/rpmbuild/SOURCES/dsync-hourly.service /home/vraiti/rpmbuild/BUILD/dsync-0.1-build/BUILDROOT/usr/lib/systemd/system/dsync-hourly.service
+ install -m 644 /home/vraiti/rpmbuild/SOURCES/dsync-hourly.timer /home/vraiti/rpmbuild/BUILD/dsync-0.1-build/BUILDROOT/usr/lib/systemd/system/dsync-hourly.timer
+ install -m 755 /home/vraiti/rpmbuild/SOURCES/dsync /home/vraiti/rpmbuild/BUILD/dsync-0.1-build/BUILDROOT/usr/local/bin
+ /usr/lib/rpm/check-buildroot
+ /usr/lib/rpm/redhat/brp-ldconfig
+ /usr/lib/rpm/brp-compress
+ /usr/lib/rpm/brp-strip /usr/bin/strip
+ /usr/lib/rpm/brp-strip-comment-note /usr/bin/strip /usr/bin/objdump
+ /usr/lib/rpm/redhat/brp-strip-lto /usr/bin/strip
+ /usr/lib/rpm/brp-strip-static-archive /usr/bin/strip
+ /usr/lib/rpm/check-rpaths
+ /usr/lib/rpm/redhat/brp-mangle-shebangs
mangling shebang in /usr/local/bin/dsync from /bin/bash to #!/usr/bin/bash
+ /usr/lib/rpm/brp-remove-la-files
+ env /usr/lib/rpm/redhat/brp-python-bytecompile '' 1 0 -j16
+ /usr/lib/rpm/redhat/brp-python-hardlink
+ /usr/bin/add-determinism --brp -j16 /home/vraiti/rpmbuild/BUILD/dsync-0.1-build/BUILDROOT
Scanned 7 directories and 4 files,
               processed 0 inodes,
               0 modified (0 replaced + 0 rewritten),
               0 unsupported format, 0 errors
Processing files: dsync-0.1-b11d216.fc42.noarch
Provides: dsync = 0.1-b11d216.fc42
Requires(interp): /bin/sh /bin/sh /bin/sh
Requires(rpmlib): rpmlib(CompressedFileNames) <= 3.0.4-1 rpmlib(FileDigests) <= 4.6.0-1 rpmlib(PayloadFilesHavePrefix) <= 4.0-1
Requires(post): /bin/sh
Requires(preun): /bin/sh
Requires(postun): /bin/sh
Requires: /usr/bin/bash
Checking for unpackaged file(s): /usr/lib/rpm/check-files /home/vraiti/rpmbuild/BUILD/dsync-0.1-build/BUILDROOT
Wrote: /home/vraiti/rpmbuild/SRPMS/dsync-0.1-b11d216.fc42.src.rpm
Wrote: /home/vraiti/rpmbuild/RPMS/noarch/dsync-0.1-b11d216.fc42.noarch.rpm
Executing(rmbuild): /bin/sh -e /var/tmp/rpm-tmp.wBqvUz
+ umask 022
+ cd /home/vraiti/rpmbuild/BUILD/dsync-0.1-build
+ test -d /home/vraiti/rpmbuild/BUILD/dsync-0.1-build
+ /usr/bin/chmod -Rf a+rX,u+w,g-w,o-w /home/vraiti/rpmbuild/BUILD/dsync-0.1-build
+ rm -rf /home/vraiti/rpmbuild/BUILD/dsync-0.1-build
+ RPM_EC=0
++ jobs -p
+ exit 0
+ rm -r rpms
+ mv /home/vraiti/rpmbuild/RPMS rpms
+ rm -r /home/vraiti/rpmbuild
